<?xml version="1.0" encoding="UTF-8"?>
<!-- Generated by org.testng.reporters.JUnitXMLReporter -->
<testsuite hostname="DESKTOP-M2NN6CV" ignored="0" name="HomePage" tests="2" failures="1" timestamp="2021-03-25T16:45:25 IST" time="19.05" errors="0">
  <testcase name="basepagenavigation" time="1.656" classname="Maven.homePage"/>
  <testcase name="basepagenavigation" time="18.584" classname="Maven.homePage">
    <failure type="java.lang.NullPointerException">
      <![CDATA[java.lang.NullPointerException
at Maven.listeners.onTestSuccess(listeners.java:78)
at java.util.ArrayList.forEach(ArrayList.java:1259)
... Removed 24 stack frames]]>
    </failure>
  </testcase> <!-- basepagenavigation -->
</testsuite> <!-- HomePage -->
