<?xml version="1.0" encoding="UTF-8"?>
<!-- Generated by org.testng.reporters.JUnitXMLReporter -->
<testsuite hostname="DESKTOP-M2NN6CV" ignored="0" name="Logo" tests="2" failures="1" timestamp="2021-03-25T16:45:57 IST" time="15.063" errors="0">
  <testcase name="logoValidation" time="0.127" classname="Maven.logovalidate"/>
  <testcase name="logoValidation" time="0.128" classname="Maven.logovalidate">
    <failure type="java.lang.NullPointerException">
      <![CDATA[java.lang.NullPointerException
at Maven.listeners.onTestSuccess(listeners.java:78)
at java.util.ArrayList.forEach(ArrayList.java:1259)
... Removed 24 stack frames]]>
    </failure>
  </testcase> <!-- logoValidation -->
</testsuite> <!-- Logo -->
