<?xml version="1.0" encoding="UTF-8"?>
<!-- Generated by org.testng.reporters.JUnitXMLReporter -->
<testsuite hostname="DESKTOP-M2NN6CV" ignored="0" name="Title" tests="2" failures="1" timestamp="2021-03-25T16:45:42 IST" time="16.592" errors="0">
  <testcase name="titleValidation" time="0.07" classname="Maven.titlevalidate"/>
  <testcase name="titleValidation" time="0.071" classname="Maven.titlevalidate">
    <failure type="java.lang.NullPointerException">
      <![CDATA[java.lang.NullPointerException
at Maven.listeners.onTestSuccess(listeners.java:78)
at java.util.ArrayList.forEach(ArrayList.java:1259)
... Removed 24 stack frames]]>
    </failure>
  </testcase> <!-- titleValidation -->
</testsuite> <!-- Title -->
