<?xml version="1.0" encoding="UTF-8"?>
<testng-results skipped="0" failed="0" ignored="0" total="1" passed="1">
  <reporter-output>
  </reporter-output>
  <suite name="Default suite" duration-ms="6459" started-at="2021-04-29T03:26:20 IST" finished-at="2021-04-29T03:26:26 IST">
    <groups>
    </groups>
    <test name="Default test" duration-ms="6459" started-at="2021-04-29T03:26:20 IST" finished-at="2021-04-29T03:26:26 IST">
      <class name="Maven.FooterValidationTest">
        <test-method status="PASS" signature="initialize()[pri:0, instance:Maven.FooterValidationTest@36b4fe2a]" name="initialize" is-config="true" duration-ms="6000" started-at="2021-04-29T03:26:20 IST" finished-at="2021-04-29T03:26:26 IST">
          <reporter-output>
          </reporter-output>
        </test-method> <!-- initialize -->
        <test-method status="PASS" signature="footerValidation()[pri:0, instance:Maven.FooterValidationTest@36b4fe2a]" name="footerValidation" duration-ms="148" started-at="2021-04-29T03:26:26 IST" finished-at="2021-04-29T03:26:26 IST">
          <reporter-output>
          </reporter-output>
        </test-method> <!-- footerValidation -->
        <test-method status="PASS" signature="closetab()[pri:0, instance:Maven.FooterValidationTest@36b4fe2a]" name="closetab" is-config="true" duration-ms="257" started-at="2021-04-29T03:26:26 IST" finished-at="2021-04-29T03:26:26 IST">
          <reporter-output>
          </reporter-output>
        </test-method> <!-- closetab -->
      </class> <!-- Maven.FooterValidationTest -->
    </test> <!-- Default test -->
  </suite> <!-- Default suite -->
</testng-results>
